Log file open, 03/06/20 14:59:57
LogWindows: Failed to load 'aqProf.dll' (GetLastError=126)
LogWindows: File 'aqProf.dll' does not exist
LogWindows: Failed to load 'VtuneApi.dll' (GetLastError=126)
LogWindows: File 'VtuneApi.dll' does not exist
LogWindows: Failed to load 'VtuneApi32e.dll' (GetLastError=126)
LogWindows: File 'VtuneApi32e.dll' does not exist
LogConsoleResponse: Display: Failed to find resolution value strings in scalability ini. Falling back to default.
LogInit: Display: Running engine for game: TimeJump
LogPakFile: Registered encryption key '00000000000000000000000000000000': 0 pak files mounted, 0 remain pending
LogPlatformFile: Not using cached read wrapper
LogTaskGraph: Started task graph with 5 named threads and 14 total threads with 3 sets of task threads.
LogStats: Stats thread started at 0.188296
LogD3D11RHI: Loaded GFSDK_Aftermath_Lib.x64.dll
LogICUInternationalization: ICU TimeZone Detection - Raw Offset: +0:00, Platform Override: ''
LogPluginManager: Display: Disabled plugin 'FMODStudio', continuing.
LogPluginManager: Mounting plugin Paper2D
LogPluginManager: Mounting plugin AISupport
LogPluginManager: Mounting plugin LightPropagationVolume
LogPluginManager: Mounting plugin ActorLayerUtilities
LogPluginManager: Mounting plugin AnimationSharing
LogPluginManager: Mounting plugin CLionSourceCodeAccess
LogPluginManager: Mounting plugin CodeLiteSourceCodeAccess
LogPluginManager: Mounting plugin GitSourceControl
LogPluginManager: Mounting plugin KDevelopSourceCodeAccess
LogPluginManager: Mounting plugin NullSourceCodeAccess
LogPluginManager: Mounting plugin PerforceSourceControl
LogPluginManager: Mounting plugin SubversionSourceControl
LogPluginManager: Mounting plugin UObjectPlugin
LogPluginManager: Mounting plugin VisualStudioCodeSourceCodeAccess
LogPluginManager: Mounting plugin VisualStudioSourceCodeAccess
LogPluginManager: Mounting plugin XCodeSourceCodeAccess
LogPluginManager: Mounting plugin AssetManagerEditor
LogPluginManager: Mounting plugin CryptoKeys
LogPluginManager: Mounting plugin DataValidation
LogPluginManager: Mounting plugin FacialAnimation
LogPluginManager: Mounting plugin GameplayTagsEditor
LogPluginManager: Mounting plugin MacGraphicsSwitching
LogPluginManager: Mounting plugin MaterialAnalyzer
LogPluginManager: Mounting plugin MobileLauncherProfileWizard
LogPluginManager: Mounting plugin PluginBrowser
LogPluginManager: Mounting plugin SpeedTreeImporter
LogPluginManager: Mounting plugin DatasmithContent
LogPluginManager: Mounting plugin VariantManagerContent
LogPluginManager: Mounting plugin AlembicImporter
LogPluginManager: Mounting plugin AppleImageUtils
LogPluginManager: Mounting plugin AppleVision
LogPluginManager: Mounting plugin BackChannel
LogPluginManager: Mounting plugin CharacterAI
LogPluginManager: Mounting plugin GeometryCache
LogPluginManager: Mounting plugin HTML5Networking
LogPluginManager: Mounting plugin ProxyLODPlugin
LogPluginManager: Mounting plugin SkeletalReduction
LogPluginManager: Mounting plugin MagicLeap
LogPluginManager: Mounting plugin MagicLeapMedia
LogPluginManager: Mounting plugin AndroidMedia
LogPluginManager: Mounting plugin AvfMedia
LogPluginManager: Mounting plugin ImgMedia
LogPluginManager: Mounting plugin LinearTimecode
LogPluginManager: Mounting plugin MediaCompositing
LogPluginManager: Mounting plugin MediaPlayerEditor
LogPluginManager: Mounting plugin WebMMedia
LogPluginManager: Mounting plugin WmfMedia
LogPluginManager: Mounting plugin TcpMessaging
LogPluginManager: Mounting plugin UdpMessaging
LogPluginManager: Mounting plugin ActorSequence
LogPluginManager: Mounting plugin LevelSequenceEditor
LogPluginManager: Mounting plugin MatineeToLevelSequence
LogPluginManager: Mounting plugin NetcodeUnitTest
LogPluginManager: Mounting plugin NUTUnrealEngine4
LogPluginManager: Mounting plugin OnlineSubsystemGooglePlay
LogPluginManager: Mounting plugin OnlineSubsystemIOS
LogPluginManager: Mounting plugin OnlineSubsystem
LogPluginManager: Mounting plugin OnlineSubsystemNull
LogPluginManager: Mounting plugin OnlineSubsystemUtils
LogPluginManager: Mounting plugin LauncherChunkInstaller
LogPluginManager: Mounting plugin AndroidDeviceProfileSelector
LogPluginManager: Mounting plugin AndroidMoviePlayer
LogPluginManager: Mounting plugin AndroidPermission
LogPluginManager: Mounting plugin AppleMoviePlayer
LogPluginManager: Mounting plugin ArchVisCharacter
LogPluginManager: Mounting plugin AudioCapture
LogPluginManager: Mounting plugin CableComponent
LogPluginManager: Mounting plugin CustomMeshComponent
LogPluginManager: Mounting plugin EditableMesh
LogPluginManager: Mounting plugin ExampleDeviceProfileSelector
LogPluginManager: Mounting plugin Firebase
LogPluginManager: Mounting plugin GoogleCloudMessaging
LogPluginManager: Mounting plugin IOSDeviceProfileSelector
LogPluginManager: Mounting plugin LinuxDeviceProfileSelector
LogPluginManager: Mounting plugin LocationServicesBPLibrary
LogPluginManager: Mounting plugin MobilePatchingUtils
LogPluginManager: Mounting plugin OculusVR
LogPluginManager: Mounting plugin PhysXVehicles
LogPluginManager: Mounting plugin ProceduralMeshComponent
LogPluginManager: Mounting plugin RuntimePhysXCooking
LogPluginManager: Mounting plugin SignificanceManager
LogPluginManager: Mounting plugin SteamVR
LogPluginManager: Mounting plugin WebMMoviePlayer
LogPluginManager: Mounting plugin WindowsMoviePlayer
LogInit: Using libcurl 7.55.1-DEV
LogInit:  - built for x86_64-pc-win32
LogInit:  - supports SSL with OpenSSL/1.1.1
LogInit:  - supports HTTP deflate (compression) using libz 1.2.8
LogInit:  - other features:
LogInit:      CURL_VERSION_SSL
LogInit:      CURL_VERSION_LIBZ
LogInit:      CURL_VERSION_IPV6
LogInit:      CURL_VERSION_ASYNCHDNS
LogInit:      CURL_VERSION_LARGEFILE
LogInit:      CURL_VERSION_IDN
LogInit:  CurlRequestOptions (configurable via config and command line):
LogInit:  - bVerifyPeer = true  - Libcurl will verify peer certificate
LogInit:  - bUseHttpProxy = false  - Libcurl will NOT use HTTP proxy
LogInit:  - bDontReuseConnections = false  - Libcurl will reuse connections
LogInit:  - MaxHostConnections = 16  - Libcurl will limit the number of connections to a host
LogInit:  - LocalHostAddr = Default
LogInit:  - BufferSize = 65536
LogInit: WinSock: version 1.1 (2.2), MaxSocks=32767, MaxUdp=65467
LogHMD: Failed initializing OVRPlugin 1.32.0
LogInit: Build: ++UE4+Release-4.22-CL-7053642
LogInit: Engine Version: 4.22.3-7053642+++UE4+Release-4.22
LogInit: Compatible Engine Version: 4.22.0-5660361+++UE4+Release-4.22
LogInit: Net CL: 5660361
LogInit: OS: Windows 10 (Release 1809) (), CPU: Intel(R) Core(TM) i5-4690 CPU @ 3.50GHz, GPU: NVIDIA GeForce GTX 750 Ti
LogInit: Compiled (64-bit): Jun 18 2019 03:09:11
LogInit: Compiled with Visual C++: 19.16.27025.01
LogInit: Build Configuration: Development
LogInit: Branch Name: ++UE4+Release-4.22
LogInit: Command Line: 
LogInit: Base Directory: C:/Program Files/Epic Games/UE_4.22/Engine/Binaries/Win64/
LogInit: Installed Engine Build: 1
LogDevObjectVersion: Number of dev versions registered: 23
LogDevObjectVersion:   Dev-Blueprints (B0D832E4-1F89-4F0D-ACCF-7EB736FD4AA2): 10
LogDevObjectVersion:   Dev-Build (E1C64328-A22C-4D53-A36C-8E866417BD8C): 0
LogDevObjectVersion:   Dev-Core (375EC13C-06E4-48FB-B500-84F0262A717E): 3
LogDevObjectVersion:   Dev-Editor (E4B068ED-F494-42E9-A231-DA0B2E46BB41): 30
LogDevObjectVersion:   Dev-Framework (CFFC743F-43B0-4480-9391-14DF171D2073): 35
LogDevObjectVersion:   Dev-Mobile (B02B49B5-BB20-44E9-A304-32B752E40360): 2
LogDevObjectVersion:   Dev-Networking (A4E4105C-59A1-49B5-A7C5-40C4547EDFEE): 0
LogDevObjectVersion:   Dev-Online (39C831C9-5AE6-47DC-9A44-9C173E1C8E7C): 0
LogDevObjectVersion:   Dev-Physics (78F01B33-EBEA-4F98-B9B4-84EACCB95AA2): 0
LogDevObjectVersion:   Dev-Platform (6631380F-2D4D-43E0-8009-CF276956A95A): 0
LogDevObjectVersion:   Dev-Rendering (12F88B9F-8875-4AFC-A67C-D90C383ABD29): 28
LogDevObjectVersion:   Dev-Sequencer (7B5AE74C-D270-4C10-A958-57980B212A5A): 11
LogDevObjectVersion:   Dev-VR (D7296918-1DD6-4BDD-9DE2-64A83CC13884): 2
LogDevObjectVersion:   Dev-LoadTimes (C2A15278-BFE7-4AFE-6C17-90FF531DF755): 1
LogDevObjectVersion:   Private-Geometry (6EACA3D4-40EC-4CC1-B786-8BED09428FC5): 3
LogDevObjectVersion:   Dev-AnimPhys (29E575DD-E0A3-4627-9D10-D276232CDCEA): 17
LogDevObjectVersion:   Dev-Anim (AF43A65D-7FD3-4947-9873-3E8ED9C1BB05): 2
LogDevObjectVersion:   Dev-ReflectionCapture (6B266CEC-1EC7-4B8F-A30B-E4D90942FC07): 1
LogDevObjectVersion:   Dev-Automation (0DF73D61-A23F-47EA-B727-89E90C41499A): 1
LogDevObjectVersion:   FortniteMain (601D1886-AC64-4F84-AA16-D3DE0DEAC7D6): 25
LogDevObjectVersion:   Dev-Enterprise (9DFFBCD6-494F-0158-E221-12823C92A888): 6
LogDevObjectVersion:   Dev-Niagara (F2AED0AC-9AFE-416F-8664-AA7FFA26D6FC): 1
LogDevObjectVersion:   Dev-Destruction (174F1F0B-B4C6-45A5-B13F-2EE8D0FB917D): 2
LogInit: Presizing for max 16777216 objects, including 0 objects not considered by GC, pre-allocating 0 bytes for permanent pool.
LogInit: Object subsystem initialized
LogConfig: Setting CVar [[con.DebugEarlyDefault:1]]
LogConfig: Setting CVar [[r.setres:1280x720]]
[2020.03.06-14.59.58:300][  0]LogConfig: Setting CVar [[r.VSync:0]]
[2020.03.06-14.59.58:300][  0]LogConfig: Setting CVar [[r.RHICmdBypass:0]]
[2020.03.06-14.59.58:300][  0]LogConfig: Applying CVar settings from Section [/Script/Engine.RendererSettings] File [C:/Nakamura-Industries/TimeJump-master/Saved/Config/Windows/Engine.ini]
[2020.03.06-14.59.58:300][  0]LogConfig: Setting CVar [[r.GPUCrashDebugging:0]]
[2020.03.06-14.59.58:300][  0]LogConfig: Applying CVar settings from Section [/Script/Engine.RendererOverrideSettings] File [C:/Nakamura-Industries/TimeJump-master/Saved/Config/Windows/Engine.ini]
[2020.03.06-14.59.58:300][  0]LogConfig: Applying CVar settings from Section [/Script/Engine.StreamingSettings] File [C:/Nakamura-Industries/TimeJump-master/Saved/Config/Windows/Engine.ini]
[2020.03.06-14.59.58:300][  0]LogConfig: Setting CVar [[s.MinBulkDataSizeForAsyncLoading:131072]]
[2020.03.06-14.59.58:300][  0]LogConfig: Setting CVar [[s.AsyncLoadingThreadEnabled:0]]
[2020.03.06-14.59.58:300][  0]LogConfig: Setting CVar [[s.EventDrivenLoaderEnabled:1]]
[2020.03.06-14.59.58:300][  0]LogConfig: Setting CVar [[s.WarnIfTimeLimitExceeded:0]]
[2020.03.06-14.59.58:300][  0]LogConfig: Setting CVar [[s.TimeLimitExceededMultiplier:1.5]]
[2020.03.06-14.59.58:300][  0]LogConfig: Setting CVar [[s.TimeLimitExceededMinTime:0.005]]
[2020.03.06-14.59.58:300][  0]LogConfig: Setting CVar [[s.UseBackgroundLevelStreaming:1]]
[2020.03.06-14.59.58:300][  0]LogConfig: Setting CVar [[s.PriorityAsyncLoadingExtraTime:15.0]]
[2020.03.06-14.59.58:300][  0]LogConfig: Setting CVar [[s.LevelStreamingActorsUpdateTimeLimit:5.0]]
[2020.03.06-14.59.58:300][  0]LogConfig: Setting CVar [[s.PriorityLevelStreamingActorsUpdateExtraTime:5.0]]
[2020.03.06-14.59.58:300][  0]LogConfig: Setting CVar [[s.LevelStreamingComponentsRegistrationGranularity:10]]
[2020.03.06-14.59.58:300][  0]LogConfig: Setting CVar [[s.UnregisterComponentsTimeLimit:1.0]]
[2020.03.06-14.59.58:300][  0]LogConfig: Setting CVar [[s.LevelStreamingComponentsUnregistrationGranularity:5]]
[2020.03.06-14.59.58:300][  0]LogConfig: Applying CVar settings from Section [/Script/Engine.GarbageCollectionSettings] File [C:/Nakamura-Industries/TimeJump-master/Saved/Config/Windows/Engine.ini]
[2020.03.06-14.59.58:300][  0]LogConfig: Setting CVar [[gc.MaxObjectsNotConsideredByGC:1]]
[2020.03.06-14.59.58:300][  0]LogConfig: Setting CVar [[gc.SizeOfPermanentObjectPool:0]]
[2020.03.06-14.59.58:300][  0]LogConfig: Setting CVar [[gc.FlushStreamingOnGC:0]]
[2020.03.06-14.59.58:301][  0]LogConfig: Setting CVar [[gc.NumRetriesBeforeForcingGC:10]]
[2020.03.06-14.59.58:301][  0]LogConfig: Setting CVar [[gc.AllowParallelGC:1]]
[2020.03.06-14.59.58:301][  0]LogConfig: Setting CVar [[gc.TimeBetweenPurgingPendingKillObjects:61.1]]
[2020.03.06-14.59.58:301][  0]LogConfig: Setting CVar [[gc.MaxObjectsInEditor:16777216]]
[2020.03.06-14.59.58:301][  0]LogConfig: Setting CVar [[gc.IncrementalBeginDestroyEnabled:1]]
[2020.03.06-14.59.58:301][  0]LogConfig: Setting CVar [[gc.CreateGCClusters:1]]
[2020.03.06-14.59.58:301][  0]LogConfig: Setting CVar [[gc.MinGCClusterSize:5]]
[2020.03.06-14.59.58:301][  0]LogConfig: Setting CVar [[gc.ActorClusteringEnabled:0]]
[2020.03.06-14.59.58:301][  0]LogConfig: Setting CVar [[gc.BlueprintClusteringEnabled:0]]
[2020.03.06-14.59.58:301][  0]LogConfig: Setting CVar [[gc.UseDisregardForGCOnDedicatedServers:0]]
[2020.03.06-14.59.58:301][  0]LogConfig: Applying CVar settings from Section [/Script/Engine.NetworkSettings] File [C:/Nakamura-Industries/TimeJump-master/Saved/Config/Windows/Engine.ini]
[2020.03.06-14.59.58:301][  0]LogConfig: Applying CVar settings from Section [/Script/UnrealEd.CookerSettings] File [C:/Nakamura-Industries/TimeJump-master/Saved/Config/Windows/Engine.ini]
[2020.03.06-14.59.58:303][  0]LogConfig: Applying CVar settings from Section [ViewDistanceQuality@3] File [C:/Nakamura-Industries/TimeJump-master/Saved/Config/Windows/Scalability.ini]
[2020.03.06-14.59.58:303][  0]LogConfig: Setting CVar [[r.SkeletalMeshLODBias:0]]
[2020.03.06-14.59.58:303][  0]LogConfig: Setting CVar [[r.ViewDistanceScale:1.0]]
[2020.03.06-14.59.58:303][  0]LogConfig: Applying CVar settings from Section [AntiAliasingQuality@3] File [C:/Nakamura-Industries/TimeJump-master/Saved/Config/Windows/Scalability.ini]
[2020.03.06-14.59.58:303][  0]LogConfig: Setting CVar [[r.PostProcessAAQuality:4]]
[2020.03.06-14.59.58:303][  0]LogConfig: Applying CVar settings from Section [ShadowQuality@3] File [C:/Nakamura-Industries/TimeJump-master/Saved/Config/Windows/Scalability.ini]
[2020.03.06-14.59.58:303][  0]LogConfig: Setting CVar [[r.LightFunctionQuality:1]]
[2020.03.06-14.59.58:303][  0]LogConfig: Setting CVar [[r.ShadowQuality:5]]
[2020.03.06-14.59.58:303][  0]LogConfig: Setting CVar [[r.Shadow.CSM.MaxCascades:10]]
[2020.03.06-14.59.58:303][  0]LogConfig: Setting CVar [[r.Shadow.MaxResolution:2048]]
[2020.03.06-14.59.58:303][  0]LogConfig: Setting CVar [[r.Shadow.MaxCSMResolution:2048]]
[2020.03.06-14.59.58:303][  0]LogConfig: Setting CVar [[r.Shadow.RadiusThreshold:0.01]]
[2020.03.06-14.59.58:303][  0]LogConfig: Setting CVar [[r.Shadow.DistanceScale:1.0]]
[2020.03.06-14.59.58:303][  0]LogConfig: Setting CVar [[r.Shadow.CSM.TransitionScale:1.0]]
[2020.03.06-14.59.58:303][  0]LogConfig: Setting CVar [[r.Shadow.PreShadowResolutionFactor:1.0]]
[2020.03.06-14.59.58:303][  0]LogConfig: Setting CVar [[r.DistanceFieldShadowing:1]]
[2020.03.06-14.59.58:303][  0]LogConfig: Setting CVar [[r.DistanceFieldAO:1]]
[2020.03.06-14.59.58:303][  0]LogConfig: Setting CVar [[r.AOQuality:2]]
[2020.03.06-14.59.58:303][  0]LogConfig: Setting CVar [[r.VolumetricFog:1]]
[2020.03.06-14.59.58:303][  0]LogConfig: Setting CVar [[r.VolumetricFog.GridPixelSize:8]]
[2020.03.06-14.59.58:303][  0]LogConfig: Setting CVar [[r.VolumetricFog.GridSizeZ:128]]
[2020.03.06-14.59.58:303][  0]LogConfig: Setting CVar [[r.VolumetricFog.HistoryMissSupersampleCount:4]]
[2020.03.06-14.59.58:303][  0]LogConfig: Setting CVar [[r.LightMaxDrawDistanceScale:1]]
[2020.03.06-14.59.58:303][  0]LogConfig: Setting CVar [[r.CapsuleShadows:1]]
[2020.03.06-14.59.58:303][  0]LogConfig: Applying CVar settings from Section [PostProcessQuality@3] File [C:/Nakamura-Industries/TimeJump-master/Saved/Config/Windows/Scalability.ini]
[2020.03.06-14.59.58:303][  0]LogConfig: Setting CVar [[r.MotionBlurQuality:4]]
[2020.03.06-14.59.58:303][  0]LogConfig: Setting CVar [[r.AmbientOcclusionMipLevelFactor:0.4]]
[2020.03.06-14.59.58:303][  0]LogConfig: Setting CVar [[r.AmbientOcclusionMaxQuality:100]]
[2020.03.06-14.59.58:303][  0]LogConfig: Setting CVar [[r.AmbientOcclusionLevels:-1]]
[2020.03.06-14.59.58:303][  0]LogConfig: Setting CVar [[r.AmbientOcclusionRadiusScale:1.0]]
[2020.03.06-14.59.58:303][  0]LogConfig: Setting CVar [[r.DepthOfFieldQuality:2]]
[2020.03.06-14.59.58:303][  0]LogConfig: Setting CVar [[r.RenderTargetPoolMin:400]]
[2020.03.06-14.59.58:303][  0]LogConfig: Setting CVar [[r.LensFlareQuality:2]]
[2020.03.06-14.59.58:303][  0]LogConfig: Setting CVar [[r.SceneColorFringeQuality:1]]
[2020.03.06-14.59.58:303][  0]LogConfig: Setting CVar [[r.EyeAdaptationQuality:2]]
[2020.03.06-14.59.58:303][  0]LogConfig: Setting CVar [[r.BloomQuality:5]]
[2020.03.06-14.59.58:303][  0]LogConfig: Setting CVar [[r.FastBlurThreshold:100]]
[2020.03.06-14.59.58:303][  0]LogConfig: Setting CVar [[r.Upscale.Quality:3]]
[2020.03.06-14.59.58:303][  0]LogConfig: Setting CVar [[r.Tonemapper.GrainQuantization:1]]
[2020.03.06-14.59.58:303][  0]LogConfig: Setting CVar [[r.LightShaftQuality:1]]
[2020.03.06-14.59.58:303][  0]LogConfig: Setting CVar [[r.Filter.SizeScale:1]]
[2020.03.06-14.59.58:303][  0]LogConfig: Setting CVar [[r.Tonemapper.Quality:5]]
[2020.03.06-14.59.58:303][  0]LogConfig: Setting CVar [[r.DOF.Gather.AccumulatorQuality:1        ; higher gathering accumulator quality]]
[2020.03.06-14.59.58:303][  0]LogConfig: Setting CVar [[r.DOF.Gather.PostfilterMethod:1          ; Median3x3 postfilering method]]
[2020.03.06-14.59.58:303][  0]LogConfig: Setting CVar [[r.DOF.Gather.EnableBokehSettings:0       ; no bokeh simulation when gathering]]
[2020.03.06-14.59.58:303][  0]LogConfig: Setting CVar [[r.DOF.Gather.RingCount:4                 ; medium number of samples when gathering]]
[2020.03.06-14.59.58:303][  0]LogConfig: Setting CVar [[r.DOF.Scatter.ForegroundCompositing:1    ; additive foreground scattering]]
[2020.03.06-14.59.58:303][  0]LogConfig: Setting CVar [[r.DOF.Scatter.BackgroundCompositing:2    ; additive background scattering]]
[2020.03.06-14.59.58:303][  0]LogConfig: Setting CVar [[r.DOF.Scatter.EnableBokehSettings:1      ; bokeh simulation when scattering]]
[2020.03.06-14.59.58:303][  0]LogConfig: Setting CVar [[r.DOF.Scatter.MaxSpriteRatio:0.1         ; only a maximum of 10% of scattered bokeh]]
[2020.03.06-14.59.58:303][  0]LogConfig: Setting CVar [[r.DOF.Recombine.Quality:1                ; cheap slight out of focus]]
[2020.03.06-14.59.58:303][  0]LogConfig: Setting CVar [[r.DOF.Recombine.EnableBokehSettings:0    ; no bokeh simulation on slight out of focus]]
[2020.03.06-14.59.58:303][  0]LogConfig: Setting CVar [[r.DOF.TemporalAAQuality:1                ; more stable temporal accumulation]]
[2020.03.06-14.59.58:303][  0]LogConfig: Setting CVar [[r.DOF.Kernel.MaxForegroundRadius:0.025]]
[2020.03.06-14.59.58:303][  0]LogConfig: Setting CVar [[r.DOF.Kernel.MaxBackgroundRadius:0.025]]
[2020.03.06-14.59.58:303][  0]LogConfig: Applying CVar settings from Section [TextureQuality@3] File [C:/Nakamura-Industries/TimeJump-master/Saved/Config/Windows/Scalability.ini]
[2020.03.06-14.59.58:303][  0]LogConfig: Setting CVar [[r.Streaming.MipBias:0]]
[2020.03.06-14.59.58:303][  0]LogConfig: Setting CVar [[r.Streaming.AmortizeCPUToGPUCopy:0]]
[2020.03.06-14.59.58:303][  0]LogConfig: Setting CVar [[r.Streaming.MaxNumTexturesToStreamPerFrame:0]]
[2020.03.06-14.59.58:303][  0]LogConfig: Setting CVar [[r.Streaming.Boost:1]]
[2020.03.06-14.59.58:303][  0]LogConfig: Setting CVar [[r.MaxAnisotropy:8]]
[2020.03.06-14.59.58:303][  0]LogConfig: Setting CVar [[r.Streaming.LimitPoolSizeToVRAM:0]]
[2020.03.06-14.59.58:303][  0]LogConfig: Setting CVar [[r.Streaming.PoolSize:1000]]
[2020.03.06-14.59.58:303][  0]LogConfig: Setting CVar [[r.Streaming.MaxEffectiveScreenSize:0]]
[2020.03.06-14.59.58:303][  0]LogConfig: Applying CVar settings from Section [EffectsQuality@3] File [C:/Nakamura-Industries/TimeJump-master/Saved/Config/Windows/Scalability.ini]
[2020.03.06-14.59.58:303][  0]LogConfig: Setting CVar [[r.TranslucencyLightingVolumeDim:64]]
[2020.03.06-14.59.58:303][  0]LogConfig: Setting CVar [[r.RefractionQuality:2]]
[2020.03.06-14.59.58:303][  0]LogConfig: Setting CVar [[r.SSR.Quality:3]]
[2020.03.06-14.59.58:303][  0]LogConfig: Setting CVar [[r.SceneColorFormat:4]]
[2020.03.06-14.59.58:303][  0]LogConfig: Setting CVar [[r.DetailMode:2]]
[2020.03.06-14.59.58:303][  0]LogConfig: Setting CVar [[r.TranslucencyVolumeBlur:1]]
[2020.03.06-14.59.58:303][  0]LogConfig: Setting CVar [[r.MaterialQualityLevel:1 ; High quality]]
[2020.03.06-14.59.58:303][  0]LogConfig: Setting CVar [[r.SSS.Scale:1]]
[2020.03.06-14.59.58:303][  0]LogConfig: Setting CVar [[r.SSS.SampleSet:2]]
[2020.03.06-14.59.58:303][  0]LogConfig: Setting CVar [[r.SSS.Quality:1]]
[2020.03.06-14.59.58:303][  0]LogConfig: Setting CVar [[r.SSS.HalfRes:1]]
[2020.03.06-14.59.58:303][  0]LogConfig: Setting CVar [[r.EmitterSpawnRateScale:1.0]]
[2020.03.06-14.59.58:303][  0]LogConfig: Setting CVar [[r.ParticleLightQuality:2]]
[2020.03.06-14.59.58:303][  0]LogConfig: Applying CVar settings from Section [FoliageQuality@3] File [C:/Nakamura-Industries/TimeJump-master/Saved/Config/Windows/Scalability.ini]
[2020.03.06-14.59.58:303][  0]LogConfig: Setting CVar [[foliage.DensityScale:1.0]]
[2020.03.06-14.59.58:303][  0]LogConfig: Setting CVar [[grass.DensityScale:1.0]]
[2020.03.06-14.59.58:303][  0]LogInit: Selected Device Profile: [Windows]
[2020.03.06-14.59.58:304][  0]LogInit: Applying CVar settings loaded from the selected device profile: [Windows]
[2020.03.06-14.59.58:314][  0]LogHAL: Display: Platform has ~ 16 GB [17013153792 / 17179869184 / 16], which maps to Larger [LargestMinGB=32, LargerMinGB=12, DefaultMinGB=8, SmallerMinGB=6, SmallestMinGB=0)
[2020.03.06-14.59.58:315][  0]LogConfig: Setting CVar [[r.Vulkan.UseRealUBs:0		; Required until we fix HLR fall-out]]
[2020.03.06-14.59.58:315][  0]LogInit: Going up to parent DeviceProfile []
[2020.03.06-14.59.58:315][  0]LogConfig: Applying CVar settings from Section [ViewDistanceQuality@3] File [C:/Nakamura-Industries/TimeJump-master/Saved/Config/Windows/Scalability.ini]
[2020.03.06-14.59.58:315][  0]LogConfig: Setting CVar [[r.SkeletalMeshLODBias:0]]
[2020.03.06-14.59.58:315][  0]LogConfig: Setting CVar [[r.ViewDistanceScale:1.0]]
[2020.03.06-14.59.58:315][  0]LogConfig: Applying CVar settings from Section [AntiAliasingQuality@3] File [C:/Nakamura-Industries/TimeJump-master/Saved/Config/Windows/Scalability.ini]
[2020.03.06-14.59.58:315][  0]LogConfig: Setting CVar [[r.PostProcessAAQuality:4]]
[2020.03.06-14.59.58:315][  0]LogConfig: Applying CVar settings from Section [ShadowQuality@3] File [C:/Nakamura-Industries/TimeJump-master/Saved/Config/Windows/Scalability.ini]
[2020.03.06-14.59.58:315][  0]LogConfig: Setting CVar [[r.LightFunctionQuality:1]]
[2020.03.06-14.59.58:315][  0]LogConfig: Setting CVar [[r.ShadowQuality:5]]
[2020.03.06-14.59.58:315][  0]LogConfig: Setting CVar [[r.Shadow.CSM.MaxCascades:10]]
[2020.03.06-14.59.58:315][  0]LogConfig: Setting CVar [[r.Shadow.MaxResolution:2048]]
[2020.03.06-14.59.58:315][  0]LogConfig: Setting CVar [[r.Shadow.MaxCSMResolution:2048]]
[2020.03.06-14.59.58:315][  0]LogConfig: Setting CVar [[r.Shadow.RadiusThreshold:0.01]]
[2020.03.06-14.59.58:315][  0]LogConfig: Setting CVar [[r.Shadow.DistanceScale:1.0]]
[2020.03.06-14.59.58:315][  0]LogConfig: Setting CVar [[r.Shadow.CSM.TransitionScale:1.0]]
[2020.03.06-14.59.58:315][  0]LogConfig: Setting CVar [[r.Shadow.PreShadowResolutionFactor:1.0]]
[2020.03.06-14.59.58:315][  0]LogConfig: Setting CVar [[r.DistanceFieldShadowing:1]]
[2020.03.06-14.59.58:315][  0]LogConfig: Setting CVar [[r.DistanceFieldAO:1]]
[2020.03.06-14.59.58:315][  0]LogConfig: Setting CVar [[r.AOQuality:2]]
[2020.03.06-14.59.58:315][  0]LogConfig: Setting CVar [[r.VolumetricFog:1]]
[2020.03.06-14.59.58:315][  0]LogConfig: Setting CVar [[r.VolumetricFog.GridPixelSize:8]]
[2020.03.06-14.59.58:315][  0]LogConfig: Setting CVar [[r.VolumetricFog.GridSizeZ:128]]
[2020.03.06-14.59.58:315][  0]LogConfig: Setting CVar [[r.VolumetricFog.HistoryMissSupersampleCount:4]]
[2020.03.06-14.59.58:315][  0]LogConfig: Setting CVar [[r.LightMaxDrawDistanceScale:1]]
[2020.03.06-14.59.58:315][  0]LogConfig: Setting CVar [[r.CapsuleShadows:1]]
[2020.03.06-14.59.58:315][  0]LogConfig: Applying CVar settings from Section [PostProcessQuality@3] File [C:/Nakamura-Industries/TimeJump-master/Saved/Config/Windows/Scalability.ini]
[2020.03.06-14.59.58:315][  0]LogConfig: Setting CVar [[r.MotionBlurQuality:4]]
[2020.03.06-14.59.58:315][  0]LogConfig: Setting CVar [[r.AmbientOcclusionMipLevelFactor:0.4]]
[2020.03.06-14.59.58:315][  0]LogConfig: Setting CVar [[r.AmbientOcclusionMaxQuality:100]]
[2020.03.06-14.59.58:315][  0]LogConfig: Setting CVar [[r.AmbientOcclusionLevels:-1]]
[2020.03.06-14.59.58:315][  0]LogConfig: Setting CVar [[r.AmbientOcclusionRadiusScale:1.0]]
[2020.03.06-14.59.58:315][  0]LogConfig: Setting CVar [[r.DepthOfFieldQuality:2]]
[2020.03.06-14.59.58:315][  0]LogConfig: Setting CVar [[r.RenderTargetPoolMin:400]]
[2020.03.06-14.59.58:315][  0]LogConfig: Setting CVar [[r.LensFlareQuality:2]]
[2020.03.06-14.59.58:315][  0]LogConfig: Setting CVar [[r.SceneColorFringeQuality:1]]
[2020.03.06-14.59.58:315][  0]LogConfig: Setting CVar [[r.EyeAdaptationQuality:2]]
[2020.03.06-14.59.58:315][  0]LogConfig: Setting CVar [[r.BloomQuality:5]]
[2020.03.06-14.59.58:315][  0]LogConfig: Setting CVar [[r.FastBlurThreshold:100]]
[2020.03.06-14.59.58:315][  0]LogConfig: Setting CVar [[r.Upscale.Quality:3]]
[2020.03.06-14.59.58:315][  0]LogConfig: Setting CVar [[r.Tonemapper.GrainQuantization:1]]
[2020.03.06-14.59.58:315][  0]LogConfig: Setting CVar [[r.LightShaftQuality:1]]
[2020.03.06-14.59.58:315][  0]LogConfig: Setting CVar [[r.Filter.SizeScale:1]]
[2020.03.06-14.59.58:315][  0]LogConfig: Setting CVar [[r.Tonemapper.Quality:5]]
[2020.03.06-14.59.58:315][  0]LogConfig: Setting CVar [[r.DOF.Gather.AccumulatorQuality:1        ; higher gathering accumulator quality]]
[2020.03.06-14.59.58:315][  0]LogConfig: Setting CVar [[r.DOF.Gather.PostfilterMethod:1          ; Median3x3 postfilering method]]
[2020.03.06-14.59.58:315][  0]LogConfig: Setting CVar [[r.DOF.Gather.EnableBokehSettings:0       ; no bokeh simulation when gathering]]
[2020.03.06-14.59.58:315][  0]LogConfig: Setting CVar [[r.DOF.Gather.RingCount:4                 ; medium number of samples when gathering]]
[2020.03.06-14.59.58:315][  0]LogConfig: Setting CVar [[r.DOF.Scatter.ForegroundCompositing:1    ; additive foreground scattering]]
[2020.03.06-14.59.58:315][  0]LogConfig: Setting CVar [[r.DOF.Scatter.BackgroundCompositing:2    ; additive background scattering]]
[2020.03.06-14.59.58:315][  0]LogConfig: Setting CVar [[r.DOF.Scatter.EnableBokehSettings:1      ; bokeh simulation when scattering]]
[2020.03.06-14.59.58:315][  0]LogConfig: Setting CVar [[r.DOF.Scatter.MaxSpriteRatio:0.1         ; only a maximum of 10% of scattered bokeh]]
[2020.03.06-14.59.58:315][  0]LogConfig: Setting CVar [[r.DOF.Recombine.Quality:1                ; cheap slight out of focus]]
[2020.03.06-14.59.58:315][  0]LogConfig: Setting CVar [[r.DOF.Recombine.EnableBokehSettings:0    ; no bokeh simulation on slight out of focus]]
[2020.03.06-14.59.58:315][  0]LogConfig: Setting CVar [[r.DOF.TemporalAAQuality:1                ; more stable temporal accumulation]]
[2020.03.06-14.59.58:315][  0]LogConfig: Setting CVar [[r.DOF.Kernel.MaxForegroundRadius:0.025]]
[2020.03.06-14.59.58:315][  0]LogConfig: Setting CVar [[r.DOF.Kernel.MaxBackgroundRadius:0.025]]
[2020.03.06-14.59.58:315][  0]LogConfig: Applying CVar settings from Section [TextureQuality@3] File [C:/Nakamura-Industries/TimeJump-master/Saved/Config/Windows/Scalability.ini]
[2020.03.06-14.59.58:315][  0]LogConfig: Setting CVar [[r.Streaming.MipBias:0]]
[2020.03.06-14.59.58:315][  0]LogConfig: Setting CVar [[r.Streaming.AmortizeCPUToGPUCopy:0]]
[2020.03.06-14.59.58:315][  0]LogConfig: Setting CVar [[r.Streaming.MaxNumTexturesToStreamPerFrame:0]]
[2020.03.06-14.59.58:315][  0]LogConfig: Setting CVar [[r.Streaming.Boost:1]]
[2020.03.06-14.59.58:315][  0]LogConfig: Setting CVar [[r.MaxAnisotropy:8]]
[2020.03.06-14.59.58:315][  0]LogConfig: Setting CVar [[r.Streaming.LimitPoolSizeToVRAM:0]]
[2020.03.06-14.59.58:315][  0]LogConfig: Setting CVar [[r.Streaming.PoolSize:1000]]
[2020.03.06-14.59.58:315][  0]LogConfig: Setting CVar [[r.Streaming.MaxEffectiveScreenSize:0]]
[2020.03.06-14.59.58:315][  0]LogConfig: Applying CVar settings from Section [EffectsQuality@3] File [C:/Nakamura-Industries/TimeJump-master/Saved/Config/Windows/Scalability.ini]
[2020.03.06-14.59.58:315][  0]LogConfig: Setting CVar [[r.TranslucencyLightingVolumeDim:64]]
[2020.03.06-14.59.58:315][  0]LogConfig: Setting CVar [[r.RefractionQuality:2]]
[2020.03.06-14.59.58:315][  0]LogConfig: Setting CVar [[r.SSR.Quality:3]]
[2020.03.06-14.59.58:315][  0]LogConfig: Setting CVar [[r.SceneColorFormat:4]]
[2020.03.06-14.59.58:315][  0]LogConfig: Setting CVar [[r.DetailMode:2]]
[2020.03.06-14.59.58:315][  0]LogConfig: Setting CVar [[r.TranslucencyVolumeBlur:1]]
[2020.03.06-14.59.58:315][  0]LogConfig: Setting CVar [[r.MaterialQualityLevel:1 ; High quality]]
[2020.03.06-14.59.58:315][  0]LogConfig: Setting CVar [[r.SSS.Scale:1]]
[2020.03.06-14.59.58:315][  0]LogConfig: Setting CVar [[r.SSS.SampleSet:2]]
[2020.03.06-14.59.58:315][  0]LogConfig: Setting CVar [[r.SSS.Quality:1]]
[2020.03.06-14.59.58:315][  0]LogConfig: Setting CVar [[r.SSS.HalfRes:1]]
[2020.03.06-14.59.58:315][  0]LogConfig: Setting CVar [[r.EmitterSpawnRateScale:1.0]]
[2020.03.06-14.59.58:315][  0]LogConfig: Setting CVar [[r.ParticleLightQuality:2]]
[2020.03.06-14.59.58:315][  0]LogConfig: Applying CVar settings from Section [FoliageQuality@3] File [C:/Nakamura-Industries/TimeJump-master/Saved/Config/Windows/Scalability.ini]
[2020.03.06-14.59.58:315][  0]LogConfig: Setting CVar [[foliage.DensityScale:1.0]]
[2020.03.06-14.59.58:315][  0]LogConfig: Setting CVar [[grass.DensityScale:1.0]]
[2020.03.06-14.59.58:315][  0]LogConfig: Applying CVar settings from Section [Startup] File [../../../Engine/Config/ConsoleVariables.ini]
[2020.03.06-14.59.58:316][  0]LogConfig: Setting CVar [[net.UseAdaptiveNetUpdateFrequency:0]]
[2020.03.06-14.59.58:316][  0]LogConfig: Setting CVar [[p.chaos.AllowCreatePhysxBodies:1]]
[2020.03.06-14.59.58:316][  0]LogConfig: Applying CVar settings from Section [ConsoleVariables] File [C:/Nakamura-Industries/TimeJump-master/Saved/Config/Windows/Engine.ini]
[2020.03.06-14.59.58:316][  0]LogInit: Computer: PKWW001-002
[2020.03.06-14.59.58:316][  0]LogInit: User: s1805807
[2020.03.06-14.59.58:316][  0]LogInit: CPU Page size=4096, Cores=4
[2020.03.06-14.59.58:316][  0]LogInit: High frequency timer resolution =10.000000 MHz
[2020.03.06-14.59.58:316][  0]LogMemory: Memory total: Physical=15.8GB (16GB approx)
[2020.03.06-14.59.58:316][  0]LogMemory: Platform Memory Stats for Windows
[2020.03.06-14.59.58:316][  0]LogMemory: Process Physical Memory: 106.42 MB used, 106.43 MB peak
[2020.03.06-14.59.58:316][  0]LogMemory: Process Virtual Memory: 100.07 MB used, 100.07 MB peak
[2020.03.06-14.59.58:316][  0]LogMemory: Physical Memory: 5303.98 MB used,  10921.03 MB free, 16225.01 MB total
[2020.03.06-14.59.58:316][  0]LogMemory: Virtual Memory: 4717.73 MB used,  134213008.00 MB free, 134217728.00 MB total
[2020.03.06-14.59.58:340][  0]LogInit: Using OS detected language (en-US).
[2020.03.06-14.59.58:340][  0]LogInit: Using OS detected locale (en-GB).
[2020.03.06-14.59.58:340][  0]LogTextLocalizationManager: No specific localization for 'en-US' exists, so the 'en' localization will be used.
[2020.03.06-14.59.58:502][  0]LogInit: Setting process to per monitor DPI aware
[2020.03.06-14.59.58:535][  0]LogSlate: New Slate User Created.  User Index 0, Is Virtual User: 0
[2020.03.06-14.59.58:535][  0]LogSlate: Slate User Registered.  User Index 0, Is Virtual User: 0
[2020.03.06-14.59.58:798][  0]LogHMD: Failed to initialize OpenVR with code 110
[2020.03.06-14.59.58:798][  0]LogD3D11RHI: D3D11 adapters:
[2020.03.06-14.59.58:866][  0]LogD3D11RHI:    0. 'NVIDIA GeForce GTX 750 Ti' (Feature Level 11_0)
[2020.03.06-14.59.58:866][  0]LogD3D11RHI:       2007/0/8112 MB DedicatedVideo/DedicatedSystem/SharedSystem, Outputs:1, VendorId:0x10de
[2020.03.06-14.59.58:873][  0]LogD3D11RHI:    1. 'Intel(R) HD Graphics 4600' (Feature Level 11_0)
[2020.03.06-14.59.58:873][  0]LogD3D11RHI:       32/0/1760 MB DedicatedVideo/DedicatedSystem/SharedSystem, Outputs:0, VendorId:0x8086
[2020.03.06-14.59.58:875][  0]LogD3D11RHI:    2. 'Microsoft Basic Render Driver' (Feature Level 11_0)
[2020.03.06-14.59.58:875][  0]LogD3D11RHI:       0/0/8112 MB DedicatedVideo/DedicatedSystem/SharedSystem, Outputs:0, VendorId:0x1414
[2020.03.06-14.59.58:875][  0]LogD3D11RHI: Chosen D3D11 Adapter: 0
[2020.03.06-14.59.58:893][  0]LogD3D11RHI: Creating new Direct3DDevice
[2020.03.06-14.59.58:893][  0]LogD3D11RHI:     GPU DeviceId: 0x1380 (for the marketing name, search the web for "GPU Device Id")
[2020.03.06-14.59.58:893][  0]LogWindows: EnumDisplayDevices:
[2020.03.06-14.59.58:894][  0]LogWindows:    0. 'NVIDIA GeForce GTX 750 Ti' (P:1 D:1)
[2020.03.06-14.59.58:895][  0]LogWindows:    1. 'NVIDIA GeForce GTX 750 Ti' (P:0 D:0)
[2020.03.06-14.59.58:896][  0]LogWindows:    2. 'NVIDIA GeForce GTX 750 Ti' (P:0 D:0)
[2020.03.06-14.59.58:897][  0]LogWindows:    3. 'Intel(R) HD Graphics 4600' (P:0 D:0)
[2020.03.06-14.59.58:898][  0]LogWindows:    4. 'Intel(R) HD Graphics 4600' (P:0 D:0)
[2020.03.06-14.59.58:899][  0]LogWindows:    5. 'Intel(R) HD Graphics 4600' (P:0 D:0)
[2020.03.06-14.59.58:899][  0]LogWindows: DebugString: PrimaryIsNotTheChoosenAdapter PrimaryIsNotTheChoosenAdapter PrimaryIsNotTheChoosenAdapter FoundDriverCount:3 
[2020.03.06-14.59.58:900][  0]LogD3D11RHI:     Adapter Name: NVIDIA GeForce GTX 750 Ti
[2020.03.06-14.59.58:900][  0]LogD3D11RHI:   Driver Version: 430.86 (internal:26.21.14.3086, unified:430.86)
[2020.03.06-14.59.58:900][  0]LogD3D11RHI:      Driver Date: 5-22-2019
[2020.03.06-14.59.58:900][  0]LogRHI: Texture pool is 1405 MB (70% of 2007 MB)
[2020.03.06-14.59.58:956][  0]LogD3D11RHI: Async texture creation enabled
[2020.03.06-14.59.58:960][  0]LogRendererCore: FGlobalReadBuffer::InitRHI
[2020.03.06-14.59.58:960][  0]LogRendererCore: FGlobalReadBuffer::InitRHI
[2020.03.06-14.59.58:960][  0]LogRendererCore: FGlobalReadBuffer::InitRHI
[2020.03.06-14.59.58:969][  0]LogD3D11RHI: GPU Timing Frequency: 1000.000000 (Debug: 2 1)
[2020.03.06-14.59.59:317][  0]LogTemp: Display: Module 'AllDesktopTargetPlatform' loaded TargetPlatform 'AllDesktop'
[2020.03.06-14.59.59:330][  0]LogTemp: Display: Module 'MacClientTargetPlatform' loaded TargetPlatform 'MacClient'
[2020.03.06-14.59.59:344][  0]LogTemp: Display: Module 'MacNoEditorTargetPlatform' loaded TargetPlatform 'MacNoEditor'
[2020.03.06-14.59.59:358][  0]LogTemp: Display: Module 'MacServerTargetPlatform' loaded TargetPlatform 'MacServer'
[2020.03.06-14.59.59:372][  0]LogTemp: Display: Module 'MacTargetPlatform' loaded TargetPlatform 'Mac'
[2020.03.06-14.59.59:386][  0]LogTemp: Display: Module 'WindowsClientTargetPlatform' loaded TargetPlatform 'WindowsClient'
[2020.03.06-14.59.59:399][  0]LogTemp: Display: Module 'WindowsNoEditorTargetPlatform' loaded TargetPlatform 'WindowsNoEditor'
[2020.03.06-14.59.59:413][  0]LogTemp: Display: Module 'WindowsServerTargetPlatform' loaded TargetPlatform 'WindowsServer'
[2020.03.06-14.59.59:419][  0]LogTemp: Display: Module 'WindowsTargetPlatform' loaded TargetPlatform 'Windows'
[2020.03.06-14.59.59:500][  0]LogTemp: Display: Module 'AndroidTargetPlatform' loaded TargetPlatform 'Android'
[2020.03.06-14.59.59:500][  0]LogTemp: Display: Module 'AndroidTargetPlatform' loaded TargetPlatform 'Android_ASTC'
[2020.03.06-14.59.59:500][  0]LogTemp: Display: Module 'AndroidTargetPlatform' loaded TargetPlatform 'Android_ATC'
[2020.03.06-14.59.59:500][  0]LogTemp: Display: Module 'AndroidTargetPlatform' loaded TargetPlatform 'Android_DXT'
[2020.03.06-14.59.59:500][  0]LogTemp: Display: Module 'AndroidTargetPlatform' loaded TargetPlatform 'Android_ETC1'
[2020.03.06-14.59.59:500][  0]LogTemp: Display: Module 'AndroidTargetPlatform' loaded TargetPlatform 'Android_ETC1a'
[2020.03.06-14.59.59:500][  0]LogTemp: Display: Module 'AndroidTargetPlatform' loaded TargetPlatform 'Android_ETC2'
[2020.03.06-14.59.59:500][  0]LogTemp: Display: Module 'AndroidTargetPlatform' loaded TargetPlatform 'Android_PVRTC'
[2020.03.06-14.59.59:500][  0]LogTemp: Display: Module 'AndroidTargetPlatform' loaded TargetPlatform 'AndroidClient'
[2020.03.06-14.59.59:500][  0]LogTemp: Display: Module 'AndroidTargetPlatform' loaded TargetPlatform 'Android_ASTCClient'
[2020.03.06-14.59.59:500][  0]LogTemp: Display: Module 'AndroidTargetPlatform' loaded TargetPlatform 'Android_ATCClient'
[2020.03.06-14.59.59:500][  0]LogTemp: Display: Module 'AndroidTargetPlatform' loaded TargetPlatform 'Android_DXTClient'
[2020.03.06-14.59.59:500][  0]LogTemp: Display: Module 'AndroidTargetPlatform' loaded TargetPlatform 'Android_ETC1Client'
[2020.03.06-14.59.59:500][  0]LogTemp: Display: Module 'AndroidTargetPlatform' loaded TargetPlatform 'Android_ETC1aClient'
[2020.03.06-14.59.59:500][  0]LogTemp: Display: Module 'AndroidTargetPlatform' loaded TargetPlatform 'Android_ETC2Client'
[2020.03.06-14.59.59:500][  0]LogTemp: Display: Module 'AndroidTargetPlatform' loaded TargetPlatform 'Android_PVRTCClient'
[2020.03.06-14.59.59:500][  0]LogTemp: Display: Module 'AndroidTargetPlatform' loaded TargetPlatform 'Android_Multi'
[2020.03.06-14.59.59:500][  0]LogTemp: Display: Module 'AndroidTargetPlatform' loaded TargetPlatform 'Android_MultiClient'
[2020.03.06-14.59.59:502][  0]LogTemp: Display: Module 'HTML5TargetPlatform' loaded TargetPlatform 'HTML5'
[2020.03.06-14.59.59:552][  0]LogTemp: Display: Module 'IOSTargetPlatform' loaded TargetPlatform 'IOSClient'
[2020.03.06-14.59.59:552][  0]LogTemp: Display: Module 'IOSTargetPlatform' loaded TargetPlatform 'IOS'
[2020.03.06-14.59.59:579][  0]LogTemp: Display: Module 'TVOSTargetPlatform' loaded TargetPlatform 'TVOSClient'
[2020.03.06-14.59.59:579][  0]LogTemp: Display: Module 'TVOSTargetPlatform' loaded TargetPlatform 'TVOS'
[2020.03.06-14.59.59:592][  0]LogTemp: Display: Module 'LinuxClientTargetPlatform' loaded TargetPlatform 'LinuxClient'
[2020.03.06-14.59.59:605][  0]LogTemp: Display: Module 'LinuxNoEditorTargetPlatform' loaded TargetPlatform 'LinuxNoEditor'
[2020.03.06-14.59.59:618][  0]LogTemp: Display: Module 'LinuxServerTargetPlatform' loaded TargetPlatform 'LinuxServer'
[2020.03.06-14.59.59:631][  0]LogTemp: Display: Module 'LinuxTargetPlatform' loaded TargetPlatform 'Linux'
[2020.03.06-14.59.59:678][  0]LogTemp: Display: Module 'LuminTargetPlatform' loaded TargetPlatform 'Lumin'
[2020.03.06-14.59.59:678][  0]LogTemp: Display: Module 'LuminTargetPlatform' loaded TargetPlatform 'LuminClient'
[2020.03.06-14.59.59:678][  0]LogTargetPlatformManager: Display: Building Assets For Windows
[2020.03.06-14.59.59:688][  0]LogAudioDebug: Display: Lib vorbis DLL was dynamically loaded.
[2020.03.06-14.59.59:739][  0]LogShaderCompilers: Guid format shader working directory is -5 characters bigger than the processId version (../../../../../../Nakamura-Industries/TimeJump-master/Intermediate/Shaders/WorkingDirectory/15496/).
[2020.03.06-14.59.59:739][  0]LogShaderCompilers: Cleaned the shader compiler working directory 'C:/Users/s1805807/AppData/Local/Temp/UnrealShaderWorkingDir/5102A2204D2E99FEAB243AA7EC5D329A/'.
[2020.03.06-14.59.59:742][  0]LogXGEController: Cannot use XGE Controller as Incredibuild is not installed on this machine.
[2020.03.06-14.59.59:742][  0]LogShaderCompilers: Cannot use XGE Shader Compiler as Incredibuild is not installed on this machine.
[2020.03.06-14.59.59:742][  0]LogShaderCompilers: Display: Using Local Shader Compiler.
[2020.03.06-15.00.00:350][  0]LogDerivedDataCache: Display: Max Cache Size: 512 MB
[2020.03.06-15.00.00:397][  0]LogDerivedDataCache: Loaded boot cache 0.05s 73MB C:/Users/s1805807/AppData/Local/UnrealEngine/4.22/DerivedDataCache/Boot.ddc.
[2020.03.06-15.00.00:397][  0]LogDerivedDataCache: Display: Loaded Boot cache: C:/Users/s1805807/AppData/Local/UnrealEngine/4.22/DerivedDataCache/Boot.ddc
[2020.03.06-15.00.00:397][  0]LogDerivedDataCache: FDerivedDataBackendGraph:  Pak pak cache file ../../../../../../Nakamura-Industries/TimeJump-master/DerivedDataCache/DDC.ddp not found, will not use a pak cache.
[2020.03.06-15.00.00:397][  0]LogDerivedDataCache: Unable to find inner node Pak for hierarchical cache Hierarchy.
[2020.03.06-15.00.00:397][  0]LogDerivedDataCache: FDerivedDataBackendGraph:  CompressedPak pak cache file ../../../../../../Nakamura-Industries/TimeJump-master/DerivedDataCache/Compressed.ddp not found, will not use a pak cache.
[2020.03.06-15.00.00:397][  0]LogDerivedDataCache: Unable to find inner node CompressedPak for hierarchical cache Hierarchy.
[2020.03.06-15.00.00:409][  0]LogDerivedDataCache: Display: Pak cache opened for reading ../../../Engine/DerivedDataCache/Compressed.ddp.
[2020.03.06-15.00.00:410][  0]LogDerivedDataCache: FDerivedDataBackendGraph:  EnterprisePak pak cache file ../../../Enterprise/DerivedDataCache/Compressed.ddp not found, will not use a pak cache.
[2020.03.06-15.00.00:410][  0]LogDerivedDataCache: Unable to find inner node EnterprisePak for hierarchical cache Hierarchy.
[2020.03.06-15.00.00:423][  0]LogDerivedDataCache: Using Local data cache path C:/Users/s1805807/AppData/Local/UnrealEngine/Common/DerivedDataCache: Writable
[2020.03.06-15.00.00:423][  0]LogDerivedDataCache: Shared data cache path not found in *engine.ini, will not use an Shared cache.
[2020.03.06-15.00.00:423][  0]LogDerivedDataCache: Unable to find inner node Shared for hierarchical cache Hierarchy.
[2020.03.06-15.00.00:443][  0]LogMaterial: Verifying Global Shaders for PCD3D_SM5
[2020.03.06-15.00.00:444][  0]LogSlate: Using FreeType 2.6.0
[2020.03.06-15.00.00:445][  0]LogSlate: SlateFontServices - WITH_FREETYPE: 1, WITH_HARFBUZZ: 1
[2020.03.06-15.00.00:552][  0]LogAssetRegistry: FAssetRegistry took 0.0352 seconds to start up
[2020.03.06-15.00.00:878][  0]LogInit: Selected Device Profile: [Windows]
[2020.03.06-15.00.01:018][  0]LogMeshReduction: Using QuadricMeshReduction for automatic static mesh reduction
[2020.03.06-15.00.01:018][  0]LogMeshReduction: Using SimplygonMeshReduction for automatic skeletal mesh reduction
[2020.03.06-15.00.01:018][  0]LogMeshReduction: Using ProxyLODMeshReduction for automatic mesh merging
[2020.03.06-15.00.01:018][  0]LogMeshReduction: No distributed automatic mesh merging module available
[2020.03.06-15.00.01:018][  0]LogMeshMerging: No distributed automatic mesh merging module available
[2020.03.06-15.00.01:034][  0]LogNetVersion: TimeJump 1.0.0, NetCL: 5660361, EngineNetVer: 10, GameNetVer: 0 (Checksum: 3499137004)
[2020.03.06-15.00.01:525][  0]LogPackageLocalizationCache: Processed 10 localized package path(s) for 1 prioritized culture(s) in 0.047846 seconds
[2020.03.06-15.00.01:532][  0]LogUObjectArray: 42205 objects as part of root set at end of initial load.
[2020.03.06-15.00.01:532][  0]LogUObjectAllocator: 7325032 out of 0 bytes used by permanent object pool.
[2020.03.06-15.00.01:532][  0]LogUObjectArray: CloseDisregardForGC: 0/0 objects in disregard for GC pool
[2020.03.06-15.00.02:564][  0]LogTcpMessaging: Initializing TcpMessaging bridge
[2020.03.06-15.00.02:578][  0]LogUdpMessaging: Initializing bridge on interface 0.0.0.0:0 to multicast group 230.0.0.1:6666.
[2020.03.06-15.00.02:691][  0]SourceControl: Source control is disabled
[2020.03.06-15.00.02:691][  0]SourceControl: Source control is disabled
[2020.03.06-15.00.02:692][  0]SourceControl: Source control is disabled
[2020.03.06-15.00.02:693][  0]SourceControl: Source control is disabled
[2020.03.06-15.00.02:803][  0]LogAndroidPermission: UAndroidPermissionCallbackProxy::GetInstance
[2020.03.06-15.00.02:877][  0]LogOcInput: OculusInput pre-init called
[2020.03.06-15.00.03:789][  0]LogEngine: Initializing Engine...
[2020.03.06-15.00.03:790][  0]LogHMD: Failed to initialize OpenVR with code 110
[2020.03.06-15.00.03:791][  0]LogStats: UGameplayTagsManager::InitializeManager -  0.000 s
[2020.03.06-15.00.04:009][  0]LogInit: Initializing FReadOnlyCVARCache
[2020.03.06-15.00.04:021][  0]LogAIModule: Creating AISystem for world Untitled
[2020.03.06-15.00.04:056][  0]LogInit: XAudio2 using 'Speakers (Realtek High Definition Audio)' : 2 channels at 48 kHz using 32 bits per sample (channel mask 0x3)
[2020.03.06-15.00.04:107][  0]LogInit: FAudioDevice initialized.
[2020.03.06-15.00.04:107][  0]LogNetVersion: Set ProjectVersion to 1.0.0.0. Version Checksum will be recalculated on next use.
[2020.03.06-15.00.04:179][  0]LogDerivedDataCache: Saved boot cache 0.07s 71MB C:/Users/s1805807/AppData/Local/UnrealEngine/4.22/DerivedDataCache/Boot.ddc.
[2020.03.06-15.00.04:184][  0]LogInit: Texture streaming: Enabled
[2020.03.06-15.00.04:203][  0]LogEngineSessionManager: EngineSessionManager initialized
[2020.03.06-15.00.04:227][  0]LogInit: Transaction tracking system initialized
[2020.03.06-15.00.04:250][  0]BlueprintLog: New page: Editor Load
[2020.03.06-15.00.04:329][  0]LocalizationService: Localization service is disabled
[2020.03.06-15.00.04:648][  0]LogFileCache: Scanning file cache for directory 'C:/Nakamura-Industries/TimeJump-master/Content/' took 0.02s
[2020.03.06-15.00.04:648][  0]LogCook: Display: Max memory allowance for cook 16384mb min free memory 0mb
[2020.03.06-15.00.04:648][  0]LogCook: Display: Mobile HDR setting 1
[2020.03.06-15.00.04:828][  0]SourceControl: Source control is disabled
[2020.03.06-15.00.04:828][  0]Cmd: MAP LOAD FILE="../../../../../../Nakamura-Industries/TimeJump-master/Content/FirstPersonBP/Maps/FirstPersonExampleMap.umap" TEMPLATE=0 SHOWPROGRESS=1 FEATURELEVEL=3
[2020.03.06-15.00.04:828][  0]LightingResults: New page: Lighting Build
[2020.03.06-15.00.04:831][  0]MapCheck: New page: Map Check
[2020.03.06-15.00.04:831][  0]LightingResults: New page: Lighting Build
[2020.03.06-15.00.04:857][  0]LogUObjectHash: Compacting FUObjectHashTables data took   1.58ms
[2020.03.06-15.00.05:283][  0]LogTexture: Display: Building textures: Laaxseee (AutoDXT, 1024X1024)
[2020.03.06-15.00.05:283][  0]LogStaticMesh: Building static mesh Button_Base...
[2020.03.06-15.00.05:292][  0]LogStaticMesh: Built static mesh [0.01s] /Game/Mesh/Button_Base.Button_Base
[2020.03.06-15.00.05:293][  0]LogStaticMesh: Building static mesh Button_mesh...
[2020.03.06-15.00.05:299][  0]LogStaticMesh: Built static mesh [0.01s] /Game/Mesh/Button_mesh.Button_mesh
[2020.03.06-15.00.05:302][  0]LogMaterial: Display: Missing cached shader map for material Pink, compiling. 
[2020.03.06-15.00.05:349][  0]LogStaticMesh: Building static mesh BridgeEY...
[2020.03.06-15.00.05:351][  0]LogStaticMesh: Built static mesh [0.00s] /Game/Mesh/BridgeEY.BridgeEY
[2020.03.06-15.00.05:352][  0]LogStaticMesh: Building static mesh Base...
[2020.03.06-15.00.05:356][  0]LogStaticMesh: Built static mesh [0.00s] /Game/Mesh/Base.Base
[2020.03.06-15.00.05:359][  0]LogMaterial: Display: Missing cached shader map for material Yellow, compiling. 
[2020.03.06-15.00.05:373][  0]LogMaterial: Display: Missing cached shader map for material Green, compiling. 
[2020.03.06-15.00.05:385][  0]LogStaticMesh: Building static mesh Lever...
[2020.03.06-15.00.05:388][  0]LogStaticMesh: Built static mesh [0.00s] /Game/Mesh/Lever.Lever
[2020.03.06-15.00.05:388][  0]LogStaticMesh: Building static mesh Bridge...
[2020.03.06-15.00.05:392][  0]LogStaticMesh: Built static mesh [0.00s] /Game/Mesh/Bridge.Bridge
[2020.03.06-15.00.05:463][  0]LogStaticMesh: Building static mesh DoorRight...
[2020.03.06-15.00.05:466][  0]LogStaticMesh: Built static mesh [0.00s] /Game/Mesh/DoorRight.DoorRight
[2020.03.06-15.00.05:466][  0]LogStaticMesh: Building static mesh Grill...
[2020.03.06-15.00.05:468][  0]LogStaticMesh: Built static mesh [0.00s] /Game/Grill.Grill
[2020.03.06-15.00.05:469][  0]LogStaticMesh: Building static mesh KeyPanel...
[2020.03.06-15.00.05:472][  0]LogStaticMesh: Built static mesh [0.00s] /Game/Mesh/KeyPanel.KeyPanel
[2020.03.06-15.00.05:491][  0]LogStaticMesh: Building static mesh PipeThing...
[2020.03.06-15.00.05:502][  0]LogStaticMesh: Built static mesh [0.01s] /Game/PipeThing.PipeThing
[2020.03.06-15.00.05:505][  0]LogStaticMesh: Building static mesh RustedGrill...
[2020.03.06-15.00.05:511][  0]LogStaticMesh: Built static mesh [0.01s] /Game/RustedGrill.RustedGrill
[2020.03.06-15.00.05:559][  0]LogMaterial: Display: Missing cached shader map for material Purple, compiling. 
[2020.03.06-15.00.05:594][  0]LogMaterial: Display: Missing cached shader map for material Blue, compiling. 
[2020.03.06-15.00.06:047][  0]LogMaterial: Display: Missing cached shader map for material Laaxseee_Mat, compiling. 
[2020.03.06-15.00.06:122][  0]LogMaterial: Display: Missing cached shader map for material Red, compiling. 
[2020.03.06-15.00.06:149][  0]LogAIModule: Creating AISystem for world FirstPersonExampleMap
[2020.03.06-15.00.06:251][  0]LogEditorServer: Finished looking for orphan Actors (0.000 secs)
[2020.03.06-15.00.06:399][  0]LogUObjectHash: Compacting FUObjectHashTables data took   2.33ms
[2020.03.06-15.00.06:399][  0]Cmd: MAP CHECKDEP NOCLEARLOG
[2020.03.06-15.00.06:399][  0]MapCheck: Map check complete: 0 Error(s), 0 Warning(s), took 0.149ms to complete.
[2020.03.06-15.00.06:399][  0]LogFileHelpers: Loading map 'FirstPersonExampleMap' took 1.572
[2020.03.06-15.00.06:510][  0]LogSlate: Updating window title bar state: overlay mode, drag disabled, window buttons hidden, title bar hidden
[2020.03.06-15.00.06:517][  0]LogSlate: Updating window title bar state: overlay mode, drag disabled, window buttons hidden, title bar hidden
[2020.03.06-15.00.06:529][  0]LogSlate: Updating window title bar state: overlay mode, drag disabled, window buttons hidden, title bar hidden
[2020.03.06-15.00.06:536][  0]LogSlate: Updating window title bar state: overlay mode, drag disabled, window buttons hidden, title bar hidden
[2020.03.06-15.00.06:543][  0]LogCollectionManager: Loaded 0 collections in 0.001414 seconds
[2020.03.06-15.00.06:592][  0]LogFileCache: Scanning file cache for directory 'C:/Nakamura-Industries/TimeJump-master/Saved/Collections/' took 0.01s
[2020.03.06-15.00.06:592][  0]LogFileCache: Scanning file cache for directory 'C:/Nakamura-Industries/TimeJump-master/Content/Developers/s1805807/Collections/' took 0.01s
[2020.03.06-15.00.06:592][  0]LogFileCache: Scanning file cache for directory 'C:/Nakamura-Industries/TimeJump-master/Content/Collections/' took 0.01s
[2020.03.06-15.00.06:592][  0]LogCollectionManager: Rebuilt the GUID cache for 0 collections in 0.000000 seconds
[2020.03.06-15.00.06:611][  0]LogContentBrowser: Native class hierarchy populated in 0.0182 seconds. Added 2732 classes and 659 folders.
[2020.03.06-15.00.06:625][  0]LogContentBrowser: Native class hierarchy updated for 'WidgetCarousel' in 0.0006 seconds. Added 0 classes and 0 folders.
[2020.03.06-15.00.06:628][  0]LogPakFile: Registered encryption key '00000000000000000000000000000000': 0 pak files mounted, 0 remain pending
[2020.03.06-15.00.06:629][  0]LogPakFile: Registered encryption key '00000000000000000000000000000000': 0 pak files mounted, 0 remain pending
[2020.03.06-15.00.06:630][  0]LogPakFile: Registered encryption key '00000000000000000000000000000000': 0 pak files mounted, 0 remain pending
[2020.03.06-15.00.06:630][  0]LogPakFile: Registered encryption key '00000000000000000000000000000000': 0 pak files mounted, 0 remain pending
[2020.03.06-15.00.06:631][  0]LogPakFile: Registered encryption key '00000000000000000000000000000000': 0 pak files mounted, 0 remain pending
[2020.03.06-15.00.06:631][  0]LogPakFile: Registered encryption key '00000000000000000000000000000000': 0 pak files mounted, 0 remain pending
[2020.03.06-15.00.06:632][  0]LogPakFile: Registered encryption key '00000000000000000000000000000000': 0 pak files mounted, 0 remain pending
[2020.03.06-15.00.06:633][  0]LogPakFile: Registered encryption key '00000000000000000000000000000000': 0 pak files mounted, 0 remain pending
[2020.03.06-15.00.06:633][  0]LogPakFile: Registered encryption key '00000000000000000000000000000000': 0 pak files mounted, 0 remain pending
[2020.03.06-15.00.06:634][  0]LogPakFile: Registered encryption key '00000000000000000000000000000000': 0 pak files mounted, 0 remain pending
[2020.03.06-15.00.06:634][  0]LogPakFile: Registered encryption key '00000000000000000000000000000000': 0 pak files mounted, 0 remain pending
[2020.03.06-15.00.06:635][  0]LogPakFile: Registered encryption key '00000000000000000000000000000000': 0 pak files mounted, 0 remain pending
[2020.03.06-15.00.06:636][  0]LogPakFile: Registered encryption key '00000000000000000000000000000000': 0 pak files mounted, 0 remain pending
[2020.03.06-15.00.06:637][  0]LogPakFile: Registered encryption key '00000000000000000000000000000000': 0 pak files mounted, 0 remain pending
[2020.03.06-15.00.06:637][  0]LogPakFile: Registered encryption key '00000000000000000000000000000000': 0 pak files mounted, 0 remain pending
[2020.03.06-15.00.06:638][  0]LogPakFile: Registered encryption key '00000000000000000000000000000000': 0 pak files mounted, 0 remain pending
[2020.03.06-15.00.06:638][  0]LogPakFile: Registered encryption key '00000000000000000000000000000000': 0 pak files mounted, 0 remain pending
[2020.03.06-15.00.06:639][  0]LogPakFile: Registered encryption key '00000000000000000000000000000000': 0 pak files mounted, 0 remain pending
[2020.03.06-15.00.06:639][  0]LogPakFile: Registered encryption key '00000000000000000000000000000000': 0 pak files mounted, 0 remain pending
[2020.03.06-15.00.06:640][  0]LogPakFile: Registered encryption key '00000000000000000000000000000000': 0 pak files mounted, 0 remain pending
[2020.03.06-15.00.06:641][  0]LogPakFile: Registered encryption key '00000000000000000000000000000000': 0 pak files mounted, 0 remain pending
[2020.03.06-15.00.06:641][  0]LogPakFile: Registered encryption key '00000000000000000000000000000000': 0 pak files mounted, 0 remain pending
[2020.03.06-15.00.06:642][  0]LogPakFile: Registered encryption key '00000000000000000000000000000000': 0 pak files mounted, 0 remain pending
[2020.03.06-15.00.06:643][  0]LogPakFile: Registered encryption key '00000000000000000000000000000000': 0 pak files mounted, 0 remain pending
[2020.03.06-15.00.06:643][  0]LogPakFile: Registered encryption key '00000000000000000000000000000000': 0 pak files mounted, 0 remain pending
[2020.03.06-15.00.06:644][  0]LogPakFile: Registered encryption key '00000000000000000000000000000000': 0 pak files mounted, 0 remain pending
[2020.03.06-15.00.06:686][  0]LogContentBrowser: Native class hierarchy updated for 'AddContentDialog' in 0.0002 seconds. Added 0 classes and 0 folders.
[2020.03.06-15.00.06:691][  0]LogContentBrowser: Native class hierarchy updated for 'SceneOutliner' in 0.0003 seconds. Added 1 classes and 2 folders.
[2020.03.06-15.00.06:705][  0]LogSlate: Took 0.000280 seconds to synchronously load lazily loaded font '../../../Engine/Content/Slate/Fonts/Roboto-Regular.ttf' (155K)
[2020.03.06-15.00.06:707][  0]LogSlate: Took 0.000224 seconds to synchronously load lazily loaded font '../../../Engine/Content/Slate/Fonts/Roboto-Bold.ttf' (160K)
[2020.03.06-15.00.06:711][  0]LogSlate: Took 0.000267 seconds to synchronously load lazily loaded font '../../../Engine/Content/Editor/Slate/Fonts/FontAwesome.ttf' (139K)
[2020.03.06-15.00.06:778][  0]LogRenderer: Reallocating scene render targets to support 1616x808 Format 10 NumSamples 1 (Frame:1).
[2020.03.06-15.00.06:960][  0]LogContentBrowser: Native class hierarchy updated for 'HierarchicalLODOutliner' in 0.0003 seconds. Added 0 classes and 0 folders.
[2020.03.06-15.00.06:960][  0]LogLoad: (Engine Initialization) Total time: 17.37 seconds
[2020.03.06-15.00.06:960][  0]LogLoad: (Engine Initialization) Total Blueprint compile time: 0.00 seconds
[2020.03.06-15.00.07:088][  0]LogAssetRegistry: Asset discovery search completed in 6.5609 seconds
[2020.03.06-15.00.07:090][  0]LogCollectionManager: Rebuilt the object cache for 0 collections in 0.000000 seconds (found 0 objects)
[2020.03.06-15.00.07:090][  0]LogCollectionManager: Fixed up redirectors for 0 collections in 0.000050 seconds (updated 0 objects)
[2020.03.06-15.00.07:092][  0]LogContentStreaming: Texture pool size now 1000 MB
[2020.03.06-15.00.07:271][  5]PIE: Warning: Constraint in '/Engine/Transient.World_4:PersistentLevel.Switch_C_0.PhysicsConstraint' attempting to create a joint between objects that are both static.  No joint created.
[2020.03.06-15.00.12:839][126]LogSlate: FSceneViewport::OnFocusLost() reason 2
[2020.03.06-15.01.33:830][149]LogSlate: FSceneViewport::OnFocusLost() reason 2
[2020.03.06-15.01.37:051][150]LogEditorViewport: Clicking on Actor (context menu): Brush (Box Brush68)
[2020.03.06-15.01.37:176][150]LogSlate: FSceneViewport::OnFocusLost() reason 2
[2020.03.06-15.01.38:672][283]LogEditorViewport: Clicking on Actor (LMB): BP_Sky_Sphere_C (SkySphereBlueprint2)
[2020.03.06-15.11.10:370][111]LogEditorViewport: Clicking on Actor (LMB): StaticMeshActor (Floor)
[2020.03.06-15.23.18:686][236]LogSlate: FSceneViewport::OnFocusLost() reason 0
[2020.03.06-15.23.52:330][690]PIE: Warning: Constraint in '/Engine/Transient.World_12:PersistentLevel.PipeWheel_C_0.PhysicsConstraint' attempting to create a joint between objects that are both static.  No joint created.
[2020.03.06-15.23.55:714][938]PIE: Warning: Constraint in '/Engine/Transient.World_13:PersistentLevel.Button_C_0.PhysicsConstraint' attempting to create a joint between objects that are both static.  No joint created.
[2020.03.06-15.26.47:135][659]LogConsoleManager: Warning: Console object named 'ActorComponents.Enable' already exists but is being registered again, but we weren't expected it to be! (FConsoleManager::AddConsoleObject)
[2020.03.06-15.26.47:148][659]LogSlate: FSceneViewport::OnFocusLost() reason 2
[2020.03.06-15.27.37:848][539]LogSlate: Took 0.001170 seconds to synchronously load lazily loaded font '../../../Engine/Content/Slate/Fonts/Roboto-Light.ttf' (167K)
[2020.03.06-15.28.24:305][539]LogSlate: Window 'Save Asset As' being destroyed
[2020.03.06-15.28.24:374][539]LogSlate: Took 0.000346 seconds to synchronously load lazily loaded font '../../../Engine/Content/Slate/Fonts/Roboto-Light.ttf' (167K)
[2020.03.06-15.28.24:381][539]LogAssetEditorManager: Opening Asset editor for LevelSequence /Game/ParticleEffect.ParticleEffect
[2020.03.06-15.28.27:726][751]LogUObjectHash: Compacting FUObjectHashTables data took   1.19ms
[2020.03.06-15.28.28:437][751]LogSavePackage: Moving '../../../../../../Nakamura-Industries/TimeJump-master/Saved/FirstPersonExampleMap_Auto11DB4427248BAD7E3407C1A88FB184D59.tmp' to '../../../../../../Nakamura-Industries/TimeJump-master/Saved/Autosaves/Game/FirstPersonBP/Maps/FirstPersonExampleMap_Auto1.umap'
[2020.03.06-15.28.28:443][751]LogFileHelpers: Editor autosave (incl. sublevels) for '/Game/FirstPersonBP/Maps/FirstPersonExampleMap' took 0.744
[2020.03.06-15.28.28:443][751]LogFileHelpers: Editor autosave (incl. sublevels) for all levels took 0.744
[2020.03.06-15.28.28:446][751]OBJ SavePackage: Generating thumbnails for [0] asset(s) in package [/Game/ParticleEffect] ([1] browsable assets)...
[2020.03.06-15.28.28:446][751]OBJ SavePackage: Finished generating thumbnails for package [/Game/ParticleEffect]
[2020.03.06-15.28.28:446][751]Cmd: OBJ SAVEPACKAGE PACKAGE="/Game/ParticleEffect" FILE="../../../../../../Nakamura-Industries/TimeJump-master/Saved/Autosaves/Game/ParticleEffect_Auto1.uasset" SILENT=false AUTOSAVING=true
[2020.03.06-15.28.28:450][751]LogSavePackage: Moving '../../../../../../Nakamura-Industries/TimeJump-master/Saved/ParticleEffect_Auto14BCBAF2F48695F1569E4CEA711845350.tmp' to '../../../../../../Nakamura-Industries/TimeJump-master/Saved/Autosaves/Game/ParticleEffect_Auto1.uasset'
[2020.03.06-15.28.28:451][751]LogFileHelpers: Auto-saving content packages took 0.005
[2020.03.06-15.28.50:368][595]LogConsoleManager: Warning: Console object named 'ActorComponents.Enable' already exists but is being registered again, but we weren't expected it to be! (FConsoleManager::AddConsoleObject)
[2020.03.06-15.29.06:877][338]LogUnrealEdMisc: Warning: Heartbeat event firing too frequently (42.237 sec). This should never happen. Something is wrong with the timer delegate!
[2020.03.06-15.30.02:574][665]Cmd: OBJ SAVEPACKAGE PACKAGE="/Game/ParticleEffect" FILE="../../../../../../Nakamura-Industries/TimeJump-master/Content/ParticleEffect.uasset" SILENT=true
[2020.03.06-15.30.02:581][665]LogSavePackage: Moving '../../../../../../Nakamura-Industries/TimeJump-master/Saved/ParticleEffect2F18495C4B83C764716C8792E92BFD8B.tmp' to '../../../../../../Nakamura-Industries/TimeJump-master/Content/ParticleEffect.uasset'
[2020.03.06-15.31.55:425][375]LogConsoleManager: Warning: Console object named 'ActorComponents.Enable' already exists but is being registered again, but we weren't expected it to be! (FConsoleManager::AddConsoleObject)
[2020.03.06-15.38.28:544][602]LogUObjectHash: Compacting FUObjectHashTables data took   2.01ms
[2020.03.06-15.38.28:544][602]LogFileHelpers: Editor autosave (incl. sublevels) for '/Game/FirstPersonBP/Maps/FirstPersonExampleMap' took 0.025
[2020.03.06-15.38.28:545][602]OBJ SavePackage: Generating thumbnails for [0] asset(s) in package [/Game/ParticleEffect] ([1] browsable assets)...
[2020.03.06-15.38.28:545][602]OBJ SavePackage: Finished generating thumbnails for package [/Game/ParticleEffect]
[2020.03.06-15.38.28:545][602]Cmd: OBJ SAVEPACKAGE PACKAGE="/Game/ParticleEffect" FILE="../../../../../../Nakamura-Industries/TimeJump-master/Saved/Autosaves/Game/ParticleEffect_Auto2.uasset" SILENT=false AUTOSAVING=true
[2020.03.06-15.38.28:555][602]LogSavePackage: Moving '../../../../../../Nakamura-Industries/TimeJump-master/Saved/ParticleEffect_Auto2B94E4DE84831577BB1B6E18EF3D2DF81.tmp' to '../../../../../../Nakamura-Industries/TimeJump-master/Saved/Autosaves/Game/ParticleEffect_Auto2.uasset'
[2020.03.06-15.38.28:555][602]LogFileHelpers: Auto-saving content packages took 0.011
[2020.03.06-16.55.36:579][680]LogUObjectHash: Compacting FUObjectHashTables data took   0.75ms
[2020.03.06-16.55.36:613][680]LogUObjectHash: Compacting FUObjectHashTables data took   0.61ms
[2020.03.06-16.55.37:276][680]LogSavePackage: Moving '../../../../../../Nakamura-Industries/TimeJump-master/Saved/FirstPersonExampleMapD43A620C4A9CD510F48F86B8CB23DF5C.tmp' to '../../../../../../Nakamura-Industries/TimeJump-master/Content/FirstPersonBP/Maps/FirstPersonExampleMap.umap'
[2020.03.06-16.55.37:300][680]LogFileHelpers: Saving map 'FirstPersonExampleMap' took 0.710
[2020.03.06-16.55.37:304][680]Cmd: OBJ SAVEPACKAGE PACKAGE="/Game/ParticleEffect" FILE="../../../../../../Nakamura-Industries/TimeJump-master/Content/ParticleEffect.uasset" SILENT=true
[2020.03.06-16.55.37:312][680]LogSavePackage: Moving '../../../../../../Nakamura-Industries/TimeJump-master/Saved/ParticleEffect27207FBA4D59254E653096B8C26B2815.tmp' to '../../../../../../Nakamura-Industries/TimeJump-master/Content/ParticleEffect.uasset'
[2020.03.06-16.55.45:649][378]LogUObjectHash: Compacting FUObjectHashTables data took   1.46ms
